{"created": 1720882859.2213452, "duration": 174.4461498260498, "exitcode": 1, "root": "C:\\Users\\Vaishnavi\\OneDrive\\Desktop\\pytest_webautomation", "environment": {}, "summary": {"failed": 1, "total": 1, "collected": 1}, "collectors": [{"nodeid": "", "outcome": "passed", "result": [{"nodeid": "tests", "type": "Package"}]}, {"nodeid": "tests/test_goibibo_search.py", "outcome": "passed", "result": [{"nodeid": "tests/test_goibibo_search.py::test_home_page", "type": "Function", "lineno": 8}]}, {"nodeid": "tests", "outcome": "passed", "result": [{"nodeid": "tests/test_goibibo_search.py", "type": "Module"}]}], "tests": [{"nodeid": "tests/test_goibibo_search.py::test_home_page", "lineno": 8, "outcome": "failed", "keywords": ["test_home_page", "test_goibibo_search.py", "tests", "pytest_webautomation", ""], "setup": {"duration": 5.732014599999957, "outcome": "passed"}, "call": {"duration": 162.1588357999999, "outcome": "failed", "crash": {"path": "C:\\Users\\Vaishnavi\\OneDrive\\Desktop\\pytest_webautomation\\venv\\Lib\\site-packages\\selenium\\webdriver\\support\\wait.py", "lineno": 105, "message": "selenium.common.exceptions.TimeoutException: Message: \nStacktrace:\n\tGetHandleVerifier [0x00007FF6008EEEA2+31554]\n\t(No symbol) [0x00007FF600867ED9]\n\t(No symbol) [0x00007FF60072872A]\n\t(No symbol) [0x00007FF600778434]\n\t(No symbol) [0x00007FF60077853C]\n\t(No symbol) [0x00007FF6007BF6A7]\n\t(No symbol) [0x00007FF60079D06F]\n\t(No symbol) [0x00007FF6007BC977]\n\t(No symbol) [0x00007FF60079CDD3]\n\t(No symbol) [0x00007FF60076A33B]\n\t(No symbol) [0x00007FF60076AED1]\n\tGetHandleVerifier [0x00007FF600BF8B1D+3217341]\n\tGetHandleVerifier [0x00007FF600C45AE3+3532675]\n\tGetHandleVerifier [0x00007FF600C3B0E0+3489152]\n\tGetHandleVerifier [0x00007FF60099E776+750614]\n\t(No symbol) [0x00007FF60087375F]\n\t(No symbol) [0x00007FF60086EB14]\n\t(No symbol) [0x00007FF60086ECA2]\n\t(No symbol) [0x00007FF60085E16F]\n\tBaseThreadInitThunk [0x00007FFC5A86257D+29]\n\tRtlUserThreadStart [0x00007FFC5BA8AF28+40]"}, "traceback": [{"path": "tests\\test_goibibo_search.py", "lineno": 24, "message": "in test_home_page"}, {"path": "pages\\goibibo_home_page.py", "lineno": 21, "message": "in price_order"}, {"path": "venv\\Lib\\site-packages\\selenium\\webdriver\\support\\wait.py", "lineno": 105, "message": "in until"}], "longrepr": "tests\\test_goibibo_search.py:24: in test_home_page\n    search_results_page.price_order()\npages\\goibibo_home_page.py:21: in price_order\n    assending_order=self.wait.until(EC.presence_of_element_located(self.down_arrow))\nvenv\\Lib\\site-packages\\selenium\\webdriver\\support\\wait.py:105: in until\n    raise TimeoutException(message, screen, stacktrace)\nE   selenium.common.exceptions.TimeoutException: Message: \nE   Stacktrace:\nE   \tGetHandleVerifier [0x00007FF6008EEEA2+31554]\nE   \t(No symbol) [0x00007FF600867ED9]\nE   \t(No symbol) [0x00007FF60072872A]\nE   \t(No symbol) [0x00007FF600778434]\nE   \t(No symbol) [0x00007FF60077853C]\nE   \t(No symbol) [0x00007FF6007BF6A7]\nE   \t(No symbol) [0x00007FF60079D06F]\nE   \t(No symbol) [0x00007FF6007BC977]\nE   \t(No symbol) [0x00007FF60079CDD3]\nE   \t(No symbol) [0x00007FF60076A33B]\nE   \t(No symbol) [0x00007FF60076AED1]\nE   \tGetHandleVerifier [0x00007FF600BF8B1D+3217341]\nE   \tGetHandleVerifier [0x00007FF600C45AE3+3532675]\nE   \tGetHandleVerifier [0x00007FF600C3B0E0+3489152]\nE   \tGetHandleVerifier [0x00007FF60099E776+750614]\nE   \t(No symbol) [0x00007FF60087375F]\nE   \t(No symbol) [0x00007FF60086EB14]\nE   \t(No symbol) [0x00007FF60086ECA2]\nE   \t(No symbol) [0x00007FF60085E16F]\nE   \tBaseThreadInitThunk [0x00007FFC5A86257D+29]\nE   \tRtlUserThreadStart [0x00007FFC5BA8AF28+40]"}, "teardown": {"duration": 5.5954492000000755, "outcome": "passed"}}]}